<?xml version="1.0" encoding="UTF-8"?>
<testsuite name="Crear una &quot;Nueva Meeting&quot;" tests="1" skipped="0" failures="0" errors="0" timestamp="2022-12-27T13:17:33" hostname="DESKTOP-L8TNPF6" time="37.004">
  <properties/>
  <testcase name="Añadir una &quot;Nueva Meeting&quot;" classname="Crear una &quot;Nueva Meeting&quot;" time="37.004"/>
  <system-out><![CDATA[]]></system-out>
  <system-err><![CDATA[Starting ChromeDriver 108.0.5359.71 (1e0e3868ee06e91ad636a874420e3ca3ae3756ac-refs/branch-heads/5359@{#1016}) on port 43066
Only local connections are allowed.
Please see https://chromedriver.chromium.org/security-considerations for suggestions on keeping ChromeDriver safe.
ChromeDriver was started successfully.
Dec 27, 2022 8:17:38 AM org.openqa.selenium.remote.ProtocolHandshake createSession
INFO: Detected dialect: W3C
]]></system-err>
</testsuite>
