<?xml version="1.0" encoding="UTF-8"?>
<testsuite name="Crear una &quot;Nueva Order&quot;" tests="1" skipped="0" failures="0" errors="0" timestamp="2022-12-27T20:48:58" hostname="DESKTOP-L8TNPF6" time="30.842">
  <properties/>
  <testcase name="Añadir una &quot;Nueva Order&quot;" classname="Crear una &quot;Nueva Order&quot;" time="30.842"/>
  <system-out><![CDATA[]]></system-out>
  <system-err><![CDATA[Starting ChromeDriver 108.0.5359.71 (1e0e3868ee06e91ad636a874420e3ca3ae3756ac-refs/branch-heads/5359@{#1016}) on port 37082
Only local connections are allowed.
Please see https://chromedriver.chromium.org/security-considerations for suggestions on keeping ChromeDriver safe.
ChromeDriver was started successfully.
Dec 27, 2022 3:49:04 PM org.openqa.selenium.remote.ProtocolHandshake createSession
INFO: Detected dialect: W3C
]]></system-err>
</testsuite>
